\BOOKMARK [1][-]{section.1}{\376\377\000I\000P\000v\0006\000\040\000S\000L\000A\000A\000C\000\040\000a\000n\000d\000\040\000E\000U\000I\000-\0006\0004\000\040\000B\000a\000s\000i\000c\000s}{}% 1
\BOOKMARK [2][-]{subsection.1.1}{\376\377\000C\000o\000n\000f\000i\000g\000u\000r\000a\000c\000i\000\363\000n\000\040\000d\000e\000l\000\040\000r\000o\000u\000t\000e\000r\000\040\000e\000n\000\040\000I\000P\000v\0006}{section.1}% 2
\BOOKMARK [2][-]{subsection.1.2}{\376\377\000A\000n\000\341\000l\000i\000s\000i\000s\000\040\000d\000e\000l\000\040\000m\000e\000n\000s\000a\000j\000e\000\040\000R\000S\000\040\000\050\000R\000o\000u\000t\000e\000r\000\040\000S\000o\000l\000i\000c\000i\000t\000a\000t\000i\000o\000n\000\051}{section.1}% 3
\BOOKMARK [2][-]{subsection.1.3}{\376\377\000A\000n\000\341\000l\000i\000s\000i\000s\000\040\000d\000e\000l\000\040\000m\000e\000n\000s\000a\000j\000e\000\040\000R\000A\000\040\000\050\000R\000o\000u\000t\000e\000r\000\040\000A\000d\000v\000e\000r\000t\000i\000s\000e\000m\000e\000n\000t\000\051}{section.1}% 4
\BOOKMARK [2][-]{subsection.1.4}{\376\377\000V\000e\000r\000i\000f\000i\000c\000a\000c\000i\000\363\000n\000\040\000d\000e\000\040\000l\000a\000\040\000d\000i\000r\000e\000c\000c\000i\000\363\000n\000\040\000I\000P\000v\0006\000\040\000a\000s\000i\000g\000n\000a\000d\000a\000\040\000\050\000G\000U\000A\000\051}{section.1}% 5
\BOOKMARK [1][-]{section.2}{\376\377\000N\000e\000i\000g\000h\000b\000o\000r\000\040\000D\000i\000s\000c\000o\000v\000e\000r\000y}{}% 6
\BOOKMARK [2][-]{subsection.2.1}{\376\377\000L\000o\000c\000a\000l\000\040\000D\000e\000l\000i\000v\000e\000r\000y}{section.2}% 7
\BOOKMARK [3][-]{subsubsection.2.1.1}{\376\377\000P\0001}{subsection.2.1}% 8
\BOOKMARK [3][-]{subsubsection.2.1.2}{\376\377\000P\0002}{subsection.2.1}% 9
\BOOKMARK [3][-]{subsubsection.2.1.3}{\376\377\000P\0003}{subsection.2.1}% 10
\BOOKMARK [3][-]{subsubsection.2.1.4}{\376\377\000P\0004}{subsection.2.1}% 11
\BOOKMARK [3][-]{subsubsection.2.1.5}{\376\377\000P\0005}{subsection.2.1}% 12
\BOOKMARK [3][-]{subsubsection.2.1.6}{\376\377\000P\0006}{subsection.2.1}% 13
\BOOKMARK [3][-]{subsubsection.2.1.7}{\376\377\000P\0007}{subsection.2.1}% 14
\BOOKMARK [3][-]{subsubsection.2.1.8}{\376\377\000P\0008}{subsection.2.1}% 15
\BOOKMARK [3][-]{subsubsection.2.1.9}{\376\377\000P\0009}{subsection.2.1}% 16
\BOOKMARK [2][-]{subsection.2.2}{\376\377\000N\000o\000n\000\040\000L\000o\000c\000a\000l\000\040\000D\000e\000l\000i\000v\000e\000r\000y}{section.2}% 17
\BOOKMARK [3][-]{subsubsection.2.2.1}{\376\377\000P\0004}{subsection.2.2}% 18
\BOOKMARK [3][-]{subsubsection.2.2.2}{\376\377\000P\0005}{subsection.2.2}% 19
\BOOKMARK [3][-]{subsubsection.2.2.3}{\376\377\000P\0007}{subsection.2.2}% 20
\BOOKMARK [3][-]{subsubsection.2.2.4}{\376\377\000P\0009}{subsection.2.2}% 21
\BOOKMARK [3][-]{subsubsection.2.2.5}{\376\377\000P\0001\0000}{subsection.2.2}% 22
\BOOKMARK [3][-]{subsubsection.2.2.6}{\376\377\000P\0001\0001}{subsection.2.2}% 23
\BOOKMARK [1][-]{section.3}{\376\377\000C\000o\000n\000c\000l\000u\000s\000i\000o\000n\000e\000s}{}% 24
\BOOKMARK [2][-]{subsection.3.1}{\376\377\0001}{section.3}% 25
\BOOKMARK [3][-]{subsubsection.3.1.1}{\376\377\000V\000e\000n\000t\000a\000j\000a\000s\000\040\000y\000\040\000d\000e\000s\000v\000e\000n\000t\000a\000j\000a\000s\000\040\000d\000e\000\040\000S\000L\000A\000A\000C}{subsection.3.1}% 26
\BOOKMARK [2][-]{subsection.3.2}{\376\377\0002}{section.3}% 27
\BOOKMARK [3][-]{subsubsection.3.2.1}{\376\377\000M\000e\000n\000s\000a\000j\000e\000s\000\040\000u\000s\000a\000d\000o\000s\000\040\000e\000n\000\040\000c\000o\000n\000f\000i\000g\000u\000r\000a\000c\000i\000\363\000n\000\040\000v\000s\000\040\000d\000e\000s\000c\000u\000b\000r\000i\000m\000i\000e\000n\000t\000o}{subsection.3.2}% 28
\BOOKMARK [2][-]{subsection.3.3}{\376\377\0003}{section.3}% 29
\BOOKMARK [2][-]{subsection.3.4}{\376\377\0004}{section.3}% 30
\BOOKMARK [2][-]{subsection.3.5}{\376\377\0005}{section.3}% 31
\BOOKMARK [2][-]{subsection.3.6}{\376\377\0006}{section.3}% 32
