This is pdfTeX, Version 3.141592653-2.6-1.40.25 (MiKTeX 24.1) (preloaded format=pdflatex 2025.3.20)  21 MAR 2025 21:55
entering extended mode
 restricted \write18 enabled.
 %&-line parsing enabled.
**./document.tex
(document.tex
LaTeX2e <2023-11-01> patch level 1
L3 programming layer <2024-01-04>
(C:\Users\ferre\AppData\Local\Programs\MiKTeX\tex/latex/base\article.cls
Document Class: article 2023/05/17 v1.4n Standard LaTeX document class
(C:\Users\ferre\AppData\Local\Programs\MiKTeX\tex/latex/base\size10.clo
File: size10.clo 2023/05/17 v1.4n Standard LaTeX file (size option)
)
\c@part=\count187
\c@section=\count188
\c@subsection=\count189
\c@subsubsection=\count190
\c@paragraph=\count191
\c@subparagraph=\count192
\c@figure=\count193
\c@table=\count194
\abovecaptionskip=\skip48
\belowcaptionskip=\skip49
\bibindent=\dimen140
)
(C:\Users\ferre\AppData\Local\Programs\MiKTeX\tex/latex/bytefield\bytefield.sty
Package: bytefield 2025/01/25 v2.9 Network protocol diagrams
(C:\Users\ferre\AppData\Local\Programs\MiKTeX\tex/latex/tools\calc.sty
Package: calc 2023/07/08 v4.3 Infix arithmetic (KKT,FJ)
\calc@Acount=\count195
\calc@Bcount=\count196
\calc@Adimen=\dimen141
\calc@Bdimen=\dimen142
\calc@Askip=\skip50
\calc@Bskip=\skip51
LaTeX Info: Redefining \setlength on input line 80.
LaTeX Info: Redefining \addtolength on input line 81.
\calc@Ccount=\count197
\calc@Cskip=\skip52
)
(C:\Users\ferre\AppData\Local\Programs\MiKTeX\tex/latex/graphics\keyval.sty
Package: keyval 2022/05/29 v1.15 key=value parser (DPC)
\KV@toks@=\toks17
)
\bytefield@height=\skip53
\bytefield@height@increment=\skip54
\entire@bytefield@picture=\box51
\bf@bitwidth=\skip55
\bf@bitheight=\skip56
\units@wide=\skip57
\units@tall=\skip58
\units@high=\skip59
\header@xpos=\skip60
\c@header@val=\count198
\c@max@header@val=\count199
\curly@box=\box52
\wordlabelr@start=\skip61
\wordlabelr@end=\skip62
\wordlabell@start=\skip63
\wordlabell@end=\skip64
\total@lbox@width=\skip65
\label@box@width=\skip66
\label@box@height=\skip67
\word@label@box=\box53
)
(C:\Users\ferre\AppData\Local\Programs\MiKTeX\tex/latex/geometry\geometry.sty
Package: geometry 2020/01/02 v5.9 Page Geometry

(C:\Users\ferre\AppData\Local\Programs\MiKTeX\tex/generic/iftex\ifvtex.sty
Package: ifvtex 2019/10/25 v1.7 ifvtex legacy package. Use iftex instead.

(C:\Users\ferre\AppData\Local\Programs\MiKTeX\tex/generic/iftex\iftex.sty
Package: iftex 2022/02/03 v1.0f TeX engine tests
))
\Gm@cnth=\count266
\Gm@cntv=\count267
\c@Gm@tempcnt=\count268
\Gm@bindingoffset=\dimen143
\Gm@wd@mp=\dimen144
\Gm@odd@mp=\dimen145
\Gm@even@mp=\dimen146
\Gm@layoutwidth=\dimen147
\Gm@layoutheight=\dimen148
\Gm@layouthoffset=\dimen149
\Gm@layoutvoffset=\dimen150
\Gm@dimlist=\toks18

(C:\Users\ferre\AppData\Local\Programs\MiKTeX\tex/latex/geometry\geometry.cfg))

(C:\Users\ferre\AppData\Local\Programs\MiKTeX\tex/latex/l3backend\l3backend-pdf
tex.def
File: l3backend-pdftex.def 2024-01-04 L3 backend support: PDF output (pdfTeX)
\l__color_backend_stack_int=\count269
\l__pdf_internal_box=\box54
) (document.aux)
\openout1 = `document.aux'.

LaTeX Font Info:    Checking defaults for OML/cmm/m/it on input line 11.
LaTeX Font Info:    ... okay on input line 11.
LaTeX Font Info:    Checking defaults for OMS/cmsy/m/n on input line 11.
LaTeX Font Info:    ... okay on input line 11.
LaTeX Font Info:    Checking defaults for OT1/cmr/m/n on input line 11.
LaTeX Font Info:    ... okay on input line 11.
LaTeX Font Info:    Checking defaults for T1/cmr/m/n on input line 11.
LaTeX Font Info:    ... okay on input line 11.
LaTeX Font Info:    Checking defaults for TS1/cmr/m/n on input line 11.
LaTeX Font Info:    ... okay on input line 11.
LaTeX Font Info:    Checking defaults for OMX/cmex/m/n on input line 11.
LaTeX Font Info:    ... okay on input line 11.
LaTeX Font Info:    Checking defaults for U/cmr/m/n on input line 11.
LaTeX Font Info:    ... okay on input line 11.

*geometry* driver: auto-detecting
*geometry* detected driver: pdftex
*geometry* verbose mode - [ preamble ] result:
* driver: pdftex
* paper: a4paper
* layout: <same size as paper>
* layoutoffset:(h,v)=(0.0pt,0.0pt)
* modes: 
* h-part:(L,W,R)=(101.17755pt, 395.15277pt, 101.17755pt)
* v-part:(T,H,B)=(101.17755pt, 642.69174pt, 101.17755pt)
* \paperwidth=597.50787pt
* \paperheight=845.04684pt
* \textwidth=395.15277pt
* \textheight=642.69174pt
* \oddsidemargin=28.90756pt
* \evensidemargin=28.90756pt
* \topmargin=-8.09244pt
* \headheight=12.0pt
* \headsep=25.0pt
* \topskip=10.0pt
* \footskip=30.0pt
* \marginparwidth=65.0pt
* \marginparsep=11.0pt
* \columnsep=10.0pt
* \skip\footins=9.0pt plus 4.0pt minus 2.0pt
* \hoffset=0.0pt
* \voffset=0.0pt
* \mag=1000
* \@twocolumnfalse
* \@twosidefalse
* \@mparswitchfalse
* \@reversemarginfalse
* (1in=72.27pt=25.4mm, 1cm=28.453pt)

LaTeX Font Info:    External font `cmex10' loaded for size
(Font)              <12> on input line 13.
LaTeX Font Info:    External font `cmex10' loaded for size
(Font)              <8> on input line 13.
LaTeX Font Info:    External font `cmex10' loaded for size
(Font)              <6> on input line 13.

Overfull \hbox (8.20905pt too wide) in paragraph at lines 22--24
[]\OT1/cmr/m/n/10 El m^^Setodo EUI-64 (Ex-tended Unique Iden-ti-fier - 64 bits)
 per-mite generar au-tom^^Saticamente
 []


Underfull \hbox (badness 10000) in paragraph at lines 42--43

 []

\width=\dimen151 (locally)
\height=\dimen152 (locally)
\depth=\dimen153 (locally)
\totalheight=\dimen154 (locally)
LaTeX Font Info:    External font `cmex10' loaded for size
(Font)              <7> on input line 45.
LaTeX Font Info:    External font `cmex10' loaded for size
(Font)              <5> on input line 45.
\width=\dimen151 (locally)
\height=\dimen152 (locally)
\depth=\dimen153 (locally)
\totalheight=\dimen154 (locally)
\width=\dimen151 (locally)
\height=\dimen152 (locally)
\depth=\dimen153 (locally)
\totalheight=\dimen154 (locally)
\width=\dimen151 (locally)
\height=\dimen152 (locally)
\depth=\dimen153 (locally)
\totalheight=\dimen154 (locally)
\width=\dimen151 (locally)
\height=\dimen152 (locally)
\depth=\dimen153 (locally)
\totalheight=\dimen154 (locally)

Overfull \hbox (3.84674pt too wide) in paragraph at lines 50--51
[][] 
 []

[1

{C:/Users/ferre/AppData/Local/MiKTeX/fonts/map/pdftex/pdftex.map}]
Underfull \hbox (badness 10000) in paragraph at lines 64--65

 []

\width=\dimen151 (locally)
\height=\dimen152 (locally)
\depth=\dimen153 (locally)
\totalheight=\dimen154 (locally)
\width=\dimen151 (locally)
\height=\dimen152 (locally)
\depth=\dimen153 (locally)
\totalheight=\dimen154 (locally)
\width=\dimen151 (locally)
\height=\dimen152 (locally)
\depth=\dimen153 (locally)
\totalheight=\dimen154 (locally)
\width=\dimen151 (locally)
\height=\dimen152 (locally)
\depth=\dimen153 (locally)
\totalheight=\dimen154 (locally)
\width=\dimen151 (locally)
\height=\dimen152 (locally)
\depth=\dimen153 (locally)
\totalheight=\dimen154 (locally)
\width=\dimen151 (locally)
\height=\dimen152 (locally)
\depth=\dimen153 (locally)
\totalheight=\dimen154 (locally)
\width=\dimen151 (locally)
\height=\dimen152 (locally)
\depth=\dimen153 (locally)
\totalheight=\dimen154 (locally)
\width=\dimen151 (locally)
\height=\dimen152 (locally)
\depth=\dimen153 (locally)
\totalheight=\dimen154 (locally)

Overfull \hbox (3.84674pt too wide) in paragraph at lines 75--76
[][] 
 []

[2] (document.aux)
 ***********
LaTeX2e <2023-11-01> patch level 1
L3 programming layer <2024-01-04>
 ***********
 ) 
Here is how much of TeX's memory you used:
 1379 strings out of 474486
 23732 string characters out of 5743755
 1936542 words of memory out of 5000000
 23708 multiletter control sequences out of 15000+600000
 563126 words of font info for 53 fonts, out of 8000000 for 9000
 1141 hyphenation exceptions out of 8191
 57i,11n,65p,234b,338s stack positions out of 10000i,1000n,20000p,200000b,200000s
 <C:\Users\ferre\AppData\Local\MiKTeX\fonts/pk/ljfour/jknappen/ec/dpi600\tcrm
1000.pk><C:/Users/ferre/AppData/Local/Programs/MiKTeX/fonts/type1/public/amsfon
ts/cm/cmbx10.pfb><C:/Users/ferre/AppData/Local/Programs/MiKTeX/fonts/type1/publ
ic/amsfonts/cm/cmbx12.pfb><C:/Users/ferre/AppData/Local/Programs/MiKTeX/fonts/t
ype1/public/amsfonts/cm/cmr10.pfb><C:/Users/ferre/AppData/Local/Programs/MiKTeX
/fonts/type1/public/amsfonts/cm/cmr12.pfb><C:/Users/ferre/AppData/Local/Program
s/MiKTeX/fonts/type1/public/amsfonts/cm/cmr17.pfb><C:/Users/ferre/AppData/Local
/Programs/MiKTeX/fonts/type1/public/amsfonts/cm/cmr9.pfb><C:/Users/ferre/AppDat
a/Local/Programs/MiKTeX/fonts/type1/public/amsfonts/cm/cmtt10.pfb>
Output written on document.pdf (2 pages, 114388 bytes).
PDF statistics:
 49 PDF objects out of 1000 (max. 8388607)
 0 named destinations out of 1000 (max. 500000)
 1 words of extra memory for PDF output out of 10000 (max. 10000000)

